<?xml version="1.0" encoding="UTF-8"?>
<testsuite xmlns:xsi="http://www.w3.org/2001/XMLSchema-instance" xsi:noNamespaceSchemaLocation="https://maven.apache.org/surefire/maven-surefire-plugin/xsd/surefire-test-report.xsd" name="PixelPioneers.ModelTest" time="0.833" tests="5" errors="0" skipped="0" failures="1">
  <properties>
[...]
</properties>
  <testcase name="testAlienCollision" classname="PixelPioneers.ModelTest" time="0.757"/>
  <testcase name="testGameInitialization" classname="PixelPioneers.ModelTest" time="0.019"/>
  <testcase name="testWinningGame" classname="PixelPioneers.ModelTest" time="0.017">
    <failure message="Game should be won after collecting all pellets and reaching end tile" type="java.lang.AssertionError">java.lang.AssertionError: Game should be won after collecting all pellets and reaching end tile
	at PixelPioneers.ModelTest.testWinningGame(ModelTest.java:78)
</failure>
  </testcase>
  <testcase name="testCharacterMovement" classname="PixelPioneers.ModelTest" time="0.02"/>
  <testcase name="testCollectingPellet" classname="PixelPioneers.ModelTest" time="0.018"/>
</testsuite>